<?xml version="1.0" encoding="UTF-8"?>
<!-- Generated by org.testng.reporters.JUnitXMLReporter -->
<testsuite ignored="1" hostname="DESKTOP-SM0MVNU" failures="0" tests="4" name="Chrome" time="0.082" errors="0" timestamp="2023-03-04T15:04:16 IST">
  <testcase classname="TestClasses.testClassTNG" name="verifyLogin" time="0.011"/>
  <testcase classname="TestClasses.testClassTNG" name="verifyHome" time="0.004"/>
  <testcase classname="TestClasses.TestClassTNG2" name="test1" time="0.002"/>
  <testcase classname="TestClasses.TestClassTNG2" name="test2" time="0.002"/>
  <testcase classname="TestClasses.testClassTNG" name="verifyAdmin" time="0.0">
    <ignored/>
  </testcase> <!-- verifyAdmin -->
</testsuite> <!-- Chrome -->
